<?xml version="1.0" encoding="UTF-8"?>
<!-- Generated by org.testng.reporters.JUnitReportReporter -->
<testsuite hostname="INPUNCLP1KHCVT3" name="org.test.jenkins_demo.HomeTest" tests="2" failures="0" timestamp="8 Dec 2024 09:26:00 GMT" time="2.638" errors="0">
  <testcase name="testOne" time="2.638" classname="org.test.jenkins_demo.HomeTest"/>
  <testcase name="testTwo" time="0.000" classname="org.test.jenkins_demo.HomeTest"/>
</testsuite> <!-- org.test.jenkins_demo.HomeTest -->
