<?xml version="1.0" encoding="UTF-8"?>
<!-- Generated by org.testng.reporters.JUnitReportReporter -->
<testsuite hostname="INPUNCLP1KHCVT3" name="test.HomeTest" tests="2" failures="0" timestamp="8 Dec 2024 17:04:51 GMT" time="3.422" errors="0">
  <testcase name="testTwo" time="0.000" classname="test.HomeTest"/>
  <testcase name="testOne" time="3.422" classname="test.HomeTest"/>
</testsuite> <!-- test.HomeTest -->
